<?xml version="1.0" encoding="UTF-8" ?>
<testsuite tests="24" failures="0" name="runner.TestRunner" time="0.002" errors="0" skipped="0">
  <properties>
[...]
</properties>
  <testcase classname="Scenario: While registering, if the email address is incorrect. User should see an error message" name="Given User has landed on the &quot;Authentication&quot; page" time="0.001"/>
  <testcase classname="Scenario: While registering, if the email address is incorrect. User should see an error message" name="When User enters an invalid &quot;12345&quot; email address" time="0"/>
  <testcase classname="Scenario: While registering, if the email address is incorrect. User should see an error message" name="Then User should see an error message" time="0"/>
  <testcase classname="Scenario: While registering, if the email address is incorrect. User should see an error message" name="Scenario: While registering, if the email address is incorrect. User should see an error message" time="0.001"/>
  <testcase classname="Scenario: User should be able to register using a valid email address" name="Given User has landed on the &quot;Authentication&quot; page" time="0"/>
  <testcase classname="Scenario: User should be able to register using a valid email address" name="And User has a valid &quot;g123456@gmail.in&quot; email address" time="0"/>
  <testcase classname="Scenario: User should be able to register using a valid email address" name="When User enters the registration details" time="0"/>
  <testcase classname="Scenario: User should be able to register using a valid email address" name="Then User should be able to regiser successfully" time="0"/>
  <testcase classname="Scenario: User should be able to register using a valid email address" name="Scenario: User should be able to register using a valid email address" time="0"/>
  <testcase classname="Given User has landed on the &quot;Authentication&quot; page(Scenario: Check whether Megamenu works (Dresses -&gt; Summer dresses))" name="Given User has landed on the &quot;Authentication&quot; page(Scenario: Check whether Megamenu works " time="0"/>
  <testcase classname="And User has a valid &quot;b123456@gmail.in&quot; email address(Scenario: Check whether Megamenu works (Dresses -&gt; Summer dresses))" name="And User has a valid &quot;b123456@gmail.in&quot; email address(Scenario: Check whether Megamenu works " time="0"/>
  <testcase classname="And User had logged in the application(Scenario: Check whether Megamenu works (Dresses -&gt; Summer dresses))" name="And User had logged in the application(Scenario: Check whether Megamenu works " time="0"/>
  <testcase classname="When User selects &quot;DRESSES&quot; menu(Scenario: Check whether Megamenu works (Dresses -&gt; Summer dresses))" name="When User selects &quot;DRESSES&quot; menu(Scenario: Check whether Megamenu works " time="0"/>
  <testcase classname="And User selects &quot;Summer Dresses&quot; menu(Scenario: Check whether Megamenu works (Dresses -&gt; Summer dresses))" name="And User selects &quot;Summer Dresses&quot; menu(Scenario: Check whether Megamenu works " time="0"/>
  <testcase classname="Then User should be able navigate to &quot;Summer dresses&quot; menu(Scenario: Check whether Megamenu works (Dresses -&gt; Summer dresses))" name="Then User should be able navigate to &quot;Summer dresses&quot; menu(Scenario: Check whether Megamenu works " time="0"/>
  <testcase classname="Dresses -&gt; Summer dresses" name="Scenario: Check whether Megamenu works " time="0"/>
  <testcase classname="Scenario: On the Summer dresses page.Click on Sort By: Price and validate whether the product grid is arranged properly" name="Given User has landed on the &quot;Authentication&quot; page" time="0"/>
  <testcase classname="Scenario: On the Summer dresses page.Click on Sort By: Price and validate whether the product grid is arranged properly" name="And User has a valid &quot;b123456@gmail.in&quot; email address" time="0"/>
  <testcase classname="Scenario: On the Summer dresses page.Click on Sort By: Price and validate whether the product grid is arranged properly" name="And User had logged in the application" time="0"/>
  <testcase classname="Scenario: On the Summer dresses page.Click on Sort By: Price and validate whether the product grid is arranged properly" name="And User selects &quot;DRESSES&quot; menu" time="0"/>
  <testcase classname="Scenario: On the Summer dresses page.Click on Sort By: Price and validate whether the product grid is arranged properly" name="And User selects &quot;Summer Dresses&quot; menu" time="0"/>
  <testcase classname="Scenario: On the Summer dresses page.Click on Sort By: Price and validate whether the product grid is arranged properly" name="When User sorts the menu by &quot;Price: Lowest first&quot; option" time="0"/>
  <testcase classname="Scenario: On the Summer dresses page.Click on Sort By: Price and validate whether the product grid is arranged properly" name="Then User should see the &quot;&quot; menu sorted" time="0"/>
  <testcase classname="Scenario: On the Summer dresses page.Click on Sort By: Price and validate whether the product grid is arranged properly" name="Scenario: On the Summer dresses page.Click on Sort By: Price and validate whether the product grid is arranged properly" time="0"/>
</testsuite>